<?xml version="1.0" encoding="UTF-8"?>
<Site BuildName="Darwin-clang++"
	BuildStamp="20231117-1232-Experimental"
	Name="Andres-MacBook-Pro.local"
	Generator="ctest-3.27.4"
	CompilerName="/usr/bin/clang++"
	CompilerVersion="14.0.3.14030022"
	OSName="macOS"
	Hostname="Andres-MacBook-Pro.local"
	OSRelease="13.0.1"
	OSVersion="22A400"
	OSPlatform="arm64"
	Is64Bits="1"
	VendorString="IBM"
	VendorID="IBM"
	FamilyID="16777228"
	ModelID="2"
	ProcessorCacheSize="131072"
	NumberOfLogicalCPU="10"
	NumberOfPhysicalCPU="10"
	TotalVirtualMemory="2048"
	TotalPhysicalMemory="16384"
	LogicalProcessorsPerPhysical="10"
	ProcessorClockFrequency="0"
	>
	<Testing>
		<StartDateTime>Nov 17 13:32 CET</StartDateTime>
		<StartTestTime>1700224378</StartTestTime>
		<TestList/>
		<EndDateTime>Nov 17 13:32 CET</EndDateTime>
		<EndTestTime>1700224378</EndTestTime>
		<ElapsedMinutes>0</ElapsedMinutes>
	</Testing>
</Site>
